[1217/183342.454:ERROR:directory_reader_win.cc(43)] FindFirstFile: El sistema no puede encontrar la ruta especificada. (0x3)
[1218/082112.289:ERROR:directory_reader_win.cc(43)] FindFirstFile: El sistema no puede encontrar la ruta especificada. (0x3)
[1222/075352.720:ERROR:directory_reader_win.cc(43)] FindFirstFile: El sistema no puede encontrar la ruta especificada. (0x3)
[1222/162726.780:ERROR:process_reader_win.cc(123)] NtOpenThread: {Acceso denegado} Un proceso ha solicitado acceso a un objeto, pero no se le han concedido esos derechos de acceso. (0xc0000022)
[1222/162726.796:ERROR:exception_snapshot_win.cc(99)] thread ID 4100 not found in process
[1222/162726.843:ERROR:process_reader_win.cc(123)] NtOpenThread: {Acceso denegado} Un proceso ha solicitado acceso a un objeto, pero no se le han concedido esos derechos de acceso. (0xc0000022)
[1222/162726.843:ERROR:exception_snapshot_win.cc(99)] thread ID 16100 not found in process
[1222/162726.874:ERROR:process_reader_win.cc(123)] NtOpenThread: {Acceso denegado} Un proceso ha solicitado acceso a un objeto, pero no se le han concedido esos derechos de acceso. (0xc0000022)
[1222/162726.874:ERROR:exception_snapshot_win.cc(99)] thread ID 12732 not found in process
[1222/162726.890:ERROR:process_info.cc(329)] VirtualQueryEx: Acceso denegado. (0x5)
[1222/162726.890:ERROR:process_info.cc(556)] ReadMemoryInfo failed
[1222/162726.890:ERROR:scoped_process_suspend.cc(40)] NtResumeProcess: Se intentó obtener acceso a un proceso que está cerrándose. (0xc000010a)
[1222/163952.811:ERROR:directory_reader_win.cc(43)] FindFirstFile: El sistema no puede encontrar la ruta especificada. (0x3)
[1223/080915.302:ERROR:directory_reader_win.cc(43)] FindFirstFile: El sistema no puede encontrar la ruta especificada. (0x3)
[1224/082856.160:ERROR:directory_reader_win.cc(43)] FindFirstFile: El sistema no puede encontrar la ruta especificada. (0x3)
[1224/170720.407:ERROR:process_reader_win.cc(123)] NtOpenThread: {Acceso denegado} Un proceso ha solicitado acceso a un objeto, pero no se le han concedido esos derechos de acceso. (0xc0000022)
[1224/170720.407:ERROR:process_reader_win.cc(123)] NtOpenThread: {Acceso denegado} Un proceso ha solicitado acceso a un objeto, pero no se le han concedido esos derechos de acceso. (0xc0000022)
[1224/170720.407:ERROR:process_reader_win.cc(123)] NtOpenThread: {Acceso denegado} Un proceso ha solicitado acceso a un objeto, pero no se le han concedido esos derechos de acceso. (0xc0000022)
[1224/170720.407:ERROR:exception_snapshot_win.cc(99)] thread ID 124 not found in process
[1224/170720.407:ERROR:exception_snapshot_win.cc(99)] thread ID 1248 not found in process
[1224/170720.407:ERROR:exception_snapshot_win.cc(99)] thread ID 3620 not found in process
[1224/170720.454:ERROR:process_reader_win.cc(123)] NtOpenThread: {Acceso denegado} Un proceso ha solicitado acceso a un objeto, pero no se le han concedido esos derechos de acceso. (0xc0000022)
[1224/170720.454:ERROR:exception_snapshot_win.cc(99)] thread ID 1560 not found in process
[1224/170720.469:ERROR:process_reader_win.cc(123)] NtOpenThread: {Acceso denegado} Un proceso ha solicitado acceso a un objeto, pero no se le han concedido esos derechos de acceso. (0xc0000022)
[1224/170720.469:ERROR:exception_snapshot_win.cc(99)] thread ID 5580 not found in process
[1224/170720.469:ERROR:process_reader_win.cc(123)] NtOpenThread: {Acceso denegado} Un proceso ha solicitado acceso a un objeto, pero no se le han concedido esos derechos de acceso. (0xc0000022)
[1224/170720.469:ERROR:exception_snapshot_win.cc(99)] thread ID 15248 not found in process
[1224/170720.469:ERROR:process_reader_win.cc(123)] NtOpenThread: {Acceso denegado} Un proceso ha solicitado acceso a un objeto, pero no se le han concedido esos derechos de acceso. (0xc0000022)
[1224/170720.485:ERROR:exception_snapshot_win.cc(99)] thread ID 8832 not found in process
[1224/170720.485:ERROR:process_reader_win.cc(123)] NtOpenThread: {Acceso denegado} Un proceso ha solicitado acceso a un objeto, pero no se le han concedido esos derechos de acceso. (0xc0000022)
[1224/170720.485:ERROR:exception_snapshot_win.cc(99)] thread ID 14640 not found in process
